{"booking_date":"2023-12-25","email":"test@example.com","error":"trx is not a function","level":"error","message":"Error in createBooking","room_id":1,"service":"hotel-booking-api","timestamp":"2024-08-19 11:41:25"}
{"booking_date":"2023-12-25","email":"test@example.com","error":"trx is not a function","level":"error","message":"Error in createBooking","room_id":1,"service":"hotel-booking-api","timestamp":"2024-08-19 11:41:25"}
{"booking_date":"2023-12-25","email":"test@example.com","error":"trx is not a function","level":"error","message":"Error in createBooking","room_id":1,"service":"hotel-booking-api","timestamp":"2024-08-19 11:41:25"}
{"booking_date":"2023-12-25","email":"test@example.com","error":"trx is not a function","level":"error","message":"Error in createBooking","room_id":1,"service":"hotel-booking-api","timestamp":"2024-08-19 11:42:52"}
{"booking_date":"2023-12-25","email":"test@example.com","error":"trx is not a function","level":"error","message":"Error in createBooking","room_id":1,"service":"hotel-booking-api","timestamp":"2024-08-19 11:42:52"}
{"booking_date":"2023-12-25","email":"test@example.com","error":"trx is not a function","level":"error","message":"Error in createBooking","room_id":1,"service":"hotel-booking-api","timestamp":"2024-08-19 11:42:52"}
{"booking_date":"2023-12-25","email":"test@example.com","error":"trx.from is not a function","level":"error","message":"Error in createBooking","room_id":1,"service":"hotel-booking-api","timestamp":"2024-08-19 12:08:10"}
{"booking_date":"2023-12-25","email":"test@example.com","error":"trx.from is not a function","level":"error","message":"Error in createBooking","room_id":1,"service":"hotel-booking-api","timestamp":"2024-08-19 12:08:10"}
{"booking_date":"2023-12-25","email":"test@example.com","error":"trx.from is not a function","level":"error","message":"Error in createBooking","room_id":1,"service":"hotel-booking-api","timestamp":"2024-08-19 12:08:10"}
{"booking_date":"2023-12-25","email":"test@example.com","error":"trx.select is not a function","level":"error","message":"Error in createBooking","room_id":1,"service":"hotel-booking-api","timestamp":"2024-08-19 12:11:19"}
{"booking_date":"2023-12-25","email":"test@example.com","error":"trx.select is not a function","level":"error","message":"Error in createBooking","room_id":1,"service":"hotel-booking-api","timestamp":"2024-08-19 12:11:19"}
{"booking_date":"2023-12-25","email":"test@example.com","error":"trx.select is not a function","level":"error","message":"Error in createBooking","room_id":1,"service":"hotel-booking-api","timestamp":"2024-08-19 12:11:19"}
{"code":"SQLITE_ERROR","errno":1,"level":"error","message":"Error starting server: create table `rooms` (`id` integer not null primary key autoincrement, `name` varchar(255) not null) - SQLITE_ERROR: table `rooms` already exists","service":"hotel-booking-api","stack":"Error: create table `rooms` (`id` integer not null primary key autoincrement, `name` varchar(255) not null) - SQLITE_ERROR: table `rooms` already exists","timestamp":"2024-08-19 12:17:10"}
{"code":"SQLITE_ERROR","errno":1,"level":"error","message":"Error starting server: create table `rooms` (`id` integer not null primary key autoincrement, `name` varchar(255) not null) - SQLITE_ERROR: table `rooms` already exists","service":"hotel-booking-api","stack":"Error: create table `rooms` (`id` integer not null primary key autoincrement, `name` varchar(255) not null) - SQLITE_ERROR: table `rooms` already exists","timestamp":"2024-08-19 12:20:05"}
{"code":"SQLITE_CONSTRAINT","errno":19,"level":"error","message":"Error starting server: insert into `rooms` (`id`, `name`) select 1 as `id`, 'Room 1' as `name` union all select 2 as `id`, 'Room 2' as `name` - SQLITE_CONSTRAINT: UNIQUE constraint failed: rooms.id","service":"hotel-booking-api","stack":"Error: insert into `rooms` (`id`, `name`) select 1 as `id`, 'Room 1' as `name` union all select 2 as `id`, 'Room 2' as `name` - SQLITE_CONSTRAINT: UNIQUE constraint failed: rooms.id","timestamp":"2024-08-19 12:20:19"}
{"booking_date":"2025-08-25","email":"guest@example.com","error":"Room is not available for the selected date","level":"error","message":"Error in createBooking","room_id":1,"service":"hotel-booking-api","timestamp":"2024-08-19 12:23:24"}
{"booking_date":"2025-08-25","email":"guest@example.com","error":"Room is not available for the selected date","level":"error","message":"Error in createBooking","room_id":1,"service":"hotel-booking-api","timestamp":"2024-08-19 12:26:07"}
{"booking_date":"2025-08-25","email":"guest@example.com","error":"Room is not available for the selected date","level":"error","message":"Error in createBooking","room_id":1,"service":"hotel-booking-api","timestamp":"2024-08-19 12:33:37"}
{"booking_date":"2025-08-25","email":"guest@example.com","error":"Room is not available for the selected date","level":"error","message":"Error in createBooking","room_id":2,"service":"hotel-booking-api","timestamp":"2024-08-19 12:37:08"}
{"booking_date":"2025-08-26","email":"guest@example.com","error":"Room is not available for the selected date","level":"error","message":"Error in createBooking","room_id":1,"service":"hotel-booking-api","timestamp":"2024-08-19 12:38:06"}
{"booking_date":"2023-12-25","email":"test@example.com","error":"trx is not a function","level":"error","message":"Error in createBooking","room_id":1,"service":"hotel-booking-api","timestamp":"2024-08-19 12:38:38"}
{"booking_date":"2023-12-25","email":"test@example.com","error":"trx is not a function","level":"error","message":"Error in createBooking","room_id":1,"service":"hotel-booking-api","timestamp":"2024-08-19 12:38:38"}
{"booking_date":"2023-12-25","email":"test@example.com","error":"trx is not a function","level":"error","message":"Error in createBooking","room_id":1,"service":"hotel-booking-api","timestamp":"2024-08-19 12:38:38"}
{"booking_date":"2025-08-28","email":"guest@example.com","error":"Room is not available for the selected date","level":"error","message":"Error in createBooking","room_id":1,"service":"hotel-booking-api","timestamp":"2024-08-19 16:43:29"}
{"booking_date":"2025-08-29","email":"guest@example.com","error":"Room is not available for the selected date","level":"error","message":"Error in createBooking","room_id":1,"service":"hotel-booking-api","timestamp":"2024-08-19 17:07:34"}
{"booking_date":"2025-08-30","email":"guest@example.com","error":"Room is not available for the selected date","level":"error","message":"Error in createBooking","room_id":1,"service":"hotel-booking-api","timestamp":"2024-08-19 17:09:25"}
{"booking_date":"2025-09-30","email":"guest@example.com","error":"Room is not available for the selected date","level":"error","message":"Error in createBooking","room_id":1,"service":"hotel-booking-api","timestamp":"2024-08-19 17:25:50"}
